TN:
SF:/Users/ens/pwd/uxcore/uxcore-date-form-field/src/index.js
FNF:0
FNH:0
DA:11,1
LF:1
LH:1
BRF:0
BRH:0
end_of_record
TN:
SF:/Users/ens/pwd/uxcore/uxcore-date-form-field/src/DateFormField.jsx
FN:7,(anonymous_1)
FN:53,_interopRequireDefault
FN:55,_defaults
FN:57,_objectWithoutProperties
FN:59,_classCallCheck
FN:61,_possibleConstructorReturn
FN:63,_inherits
FN:77,getMode
FN:80,getVerticalAlign
FN:89,getMaxWidth
FN:93,getIEVer
FN:112,getPropFromArray
FN:119,getViewText
FN:127,(anonymous_14)
FN:130,DateFormField
FN:139,componentDidMount
FN:152,componentWillUnmount
FN:159,componentDidUpdate
FN:168,shouldResize
FN:184,resize
FN:209,saveRef
FN:211,(anonymous_22)
FN:216,handleChange
FN:229,handleCascadeChange
FN:252,addSpecificClass
FN:264,processTime
FN:285,renderField
FN:301,(anonymous_28)
FN:317,(anonymous_29)
FN:366,disabledDate
FN:384,disabledDate
FN:398,ref
FN:426,(anonymous_33)
FNF:33
FNH:30
FNDA:21,(anonymous_1)
FNDA:11,_interopRequireDefault
FNDA:1,_defaults
FNDA:18,_objectWithoutProperties
FNDA:16,_classCallCheck
FNDA:16,_possibleConstructorReturn
FNDA:1,_inherits
FNDA:18,getMode
FNDA:0,getVerticalAlign
FNDA:0,getMaxWidth
FNDA:1,getIEVer
FNDA:56,getPropFromArray
FNDA:5,getViewText
FNDA:1,(anonymous_14)
FNDA:16,DateFormField
FNDA:16,componentDidMount
FNDA:1,componentWillUnmount
FNDA:2,componentDidUpdate
FNDA:0,shouldResize
FNDA:1,resize
FNDA:75,saveRef
FNDA:90,(anonymous_22)
FNDA:1,handleChange
FNDA:1,handleCascadeChange
FNDA:18,addSpecificClass
FNDA:506,processTime
FNDA:18,renderField
FNDA:90,(anonymous_28)
FNDA:126,(anonymous_29)
FNDA:84,disabledDate
FNDA:84,disabledDate
FNDA:9,ref
FNDA:2,(anonymous_33)
DA:3,1
DA:7,633
DA:9,1
DA:11,1
DA:13,1
DA:15,1
DA:17,1
DA:19,1
DA:21,1
DA:23,1
DA:25,1
DA:27,1
DA:29,1
DA:31,1
DA:33,1
DA:35,1
DA:37,1
DA:39,1
DA:41,1
DA:43,1
DA:45,1
DA:47,1
DA:49,1
DA:51,1
DA:53,11
DA:55,9
DA:57,625
DA:59,16
DA:61,16
DA:63,1
DA:71,1
DA:77,1
DA:78,18
DA:80,1
DA:82,0
DA:83,0
DA:84,0
DA:86,0
DA:89,1
DA:90,0
DA:93,1
DA:94,1
DA:95,1
DA:96,1
DA:97,1
DA:100,0
DA:102,1
DA:105,0
DA:107,1
DA:109,0
DA:112,1
DA:113,56
DA:114,0
DA:116,56
DA:119,1
DA:120,5
DA:121,5
DA:122,1
DA:124,4
DA:127,1
DA:128,1
DA:130,1
DA:131,16
DA:133,16
DA:135,16
DA:136,16
DA:139,1
DA:140,16
DA:141,16
DA:145,16
DA:146,16
DA:147,1
DA:148,1
DA:152,1
DA:153,1
DA:154,1
DA:155,0
DA:159,1
DA:160,2
DA:162,2
DA:166,2
DA:167,2
DA:168,0
DA:169,0
DA:170,0
DA:171,0
DA:172,0
DA:173,0
DA:176,0
DA:178,0
DA:179,0
DA:184,1
DA:185,1
DA:186,1
DA:187,0
DA:189,1
DA:190,1
DA:191,1
DA:192,1
DA:193,1
DA:194,1
DA:195,0
DA:197,1
DA:198,1
DA:199,1
DA:202,1
DA:203,0
DA:205,1
DA:206,1
DA:209,1
DA:210,75
DA:211,75
DA:212,90
DA:216,1
DA:217,1
DA:218,1
DA:220,1
DA:221,1
DA:222,0
DA:224,1
DA:226,1
DA:229,1
DA:230,1
DA:231,1
DA:232,1
DA:234,1
DA:235,1
DA:236,0
DA:238,1
DA:240,1
DA:241,1
DA:242,1
DA:243,0
DA:245,1
DA:246,0
DA:249,1
DA:252,1
DA:253,18
DA:254,18
DA:255,18
DA:256,18
DA:257,8
DA:259,18
DA:261,0
DA:264,1
DA:267,506
DA:268,506
DA:272,506
DA:273,0
DA:275,506
DA:276,506
DA:277,506
DA:278,506
DA:279,506
DA:280,506
DA:285,1
DA:286,18
DA:288,18
DA:290,18
DA:301,18
DA:302,90
DA:305,18
DA:308,18
DA:309,18
DA:310,18
DA:311,18
DA:312,14
DA:313,14
DA:314,7
DA:320,126
DA:321,0
DA:324,126
DA:327,7
DA:328,7
DA:329,7
DA:330,7
DA:331,7
DA:338,7
DA:344,7
DA:345,0
DA:349,7
DA:353,7
DA:354,1
DA:358,6
DA:362,7
DA:367,84
DA:368,0
DA:370,84
DA:371,84
DA:374,7
DA:380,7
DA:385,84
DA:386,0
DA:388,84
DA:389,84
DA:390,84
DA:391,84
DA:394,7
DA:399,9
DA:405,4
DA:406,4
DA:407,4
DA:408,1
DA:410,4
DA:411,0
DA:413,4
DA:414,0
DA:416,4
DA:417,3
DA:423,1
DA:427,2
DA:431,0
DA:434,1
DA:437,1
DA:438,1
DA:444,1
DA:452,1
DA:453,1
LF:218
LH:183
BRDA:7,1,0,1
BRDA:7,1,1,1
BRDA:7,2,0,633
BRDA:7,2,1,0
BRDA:53,3,0,0
BRDA:53,3,1,11
BRDA:53,4,0,11
BRDA:53,4,1,11
BRDA:55,5,0,4
BRDA:55,5,1,5
BRDA:55,6,0,9
BRDA:55,6,1,9
BRDA:55,6,2,4
BRDA:57,7,0,72
BRDA:57,7,1,553
BRDA:57,8,0,0
BRDA:57,8,1,553
BRDA:59,9,0,0
BRDA:59,9,1,16
BRDA:61,10,0,0
BRDA:61,10,1,16
BRDA:61,11,0,16
BRDA:61,11,1,0
BRDA:61,12,0,16
BRDA:61,12,1,16
BRDA:61,12,2,0
BRDA:63,13,0,0
BRDA:63,13,1,1
BRDA:63,14,0,1
BRDA:63,14,1,0
BRDA:63,15,0,1
BRDA:63,15,1,1
BRDA:63,16,0,1
BRDA:63,16,1,0
BRDA:63,17,0,0
BRDA:63,17,1,1
BRDA:78,18,0,18
BRDA:78,18,1,14
BRDA:83,19,0,0
BRDA:83,19,1,0
BRDA:94,20,0,1
BRDA:94,20,1,0
BRDA:97,21,0,0
BRDA:97,21,1,1
BRDA:102,22,0,0
BRDA:102,22,1,1
BRDA:113,23,0,0
BRDA:113,23,1,56
BRDA:121,24,0,1
BRDA:121,24,1,4
BRDA:121,25,0,5
BRDA:121,25,1,4
BRDA:146,26,0,1
BRDA:146,26,1,15
BRDA:146,27,0,16
BRDA:146,27,1,7
BRDA:146,27,2,1
BRDA:154,28,0,0
BRDA:154,28,1,1
BRDA:167,29,0,0
BRDA:167,29,1,2
BRDA:167,30,0,2
BRDA:167,30,1,1
BRDA:167,30,2,0
BRDA:172,31,0,0
BRDA:172,31,1,0
BRDA:178,32,0,0
BRDA:178,32,1,0
BRDA:186,33,0,0
BRDA:186,33,1,1
BRDA:186,34,0,1
BRDA:186,34,1,0
BRDA:194,35,0,0
BRDA:194,35,1,1
BRDA:197,36,0,1
BRDA:197,36,1,1
BRDA:202,37,0,0
BRDA:202,37,1,1
BRDA:221,38,0,0
BRDA:221,38,1,1
BRDA:224,39,0,1
BRDA:224,39,1,0
BRDA:231,40,0,1
BRDA:231,40,1,1
BRDA:235,41,0,0
BRDA:235,41,1,1
BRDA:238,42,0,1
BRDA:238,42,1,0
BRDA:241,43,0,1
BRDA:241,43,1,0
BRDA:242,44,0,0
BRDA:242,44,1,1
BRDA:242,45,0,1
BRDA:242,45,1,0
BRDA:242,45,2,0
BRDA:245,46,0,0
BRDA:245,46,1,1
BRDA:245,47,0,1
BRDA:245,47,1,1
BRDA:245,47,2,0
BRDA:254,48,0,18
BRDA:254,48,1,0
BRDA:256,49,0,8
BRDA:256,49,1,10
BRDA:272,50,0,0
BRDA:272,50,1,506
BRDA:272,51,0,506
BRDA:272,51,1,506
BRDA:308,52,0,0
BRDA:308,52,1,18
BRDA:309,53,0,0
BRDA:309,53,1,18
BRDA:310,54,0,18
BRDA:310,54,1,14
BRDA:311,55,0,14
BRDA:311,55,1,4
BRDA:313,56,0,7
BRDA:313,56,1,7
BRDA:317,57,0,7
BRDA:317,57,1,7
BRDA:320,58,0,0
BRDA:320,58,1,126
BRDA:324,59,0,126
BRDA:324,59,1,126
BRDA:327,60,0,7
BRDA:327,60,1,0
BRDA:344,61,0,0
BRDA:344,61,1,7
BRDA:344,62,0,7
BRDA:344,62,1,1
BRDA:353,63,0,1
BRDA:353,63,1,6
BRDA:353,64,0,7
BRDA:353,64,1,1
BRDA:367,65,0,0
BRDA:367,65,1,84
BRDA:371,66,0,84
BRDA:371,66,1,84
BRDA:385,67,0,0
BRDA:385,67,1,84
BRDA:389,68,0,42
BRDA:389,68,1,42
BRDA:391,69,0,84
BRDA:391,69,1,84
BRDA:391,69,2,84
BRDA:405,70,0,4
BRDA:405,70,1,0
BRDA:407,71,0,1
BRDA:407,71,1,3
BRDA:407,72,0,4
BRDA:407,72,1,3
BRDA:410,73,0,0
BRDA:410,73,1,4
BRDA:413,74,0,0
BRDA:413,74,1,4
BRDA:416,75,0,3
BRDA:416,75,1,1
BRDA:420,76,0,3
BRDA:420,76,1,3
BRDA:426,77,0,1
BRDA:426,77,1,0
BRDA:427,78,0,2
BRDA:427,78,1,0
BRF:163
BRH:111
end_of_record
