TN:
SF:/Users/samoay/Workspace/uxcore/uxcore-date-form-field/src/index.js
FNF:0
FNH:0
DA:11,1
LF:1
LH:1
BRF:0
BRH:0
end_of_record
TN:
SF:/Users/samoay/Workspace/uxcore/uxcore-date-form-field/src/DateFormField.jsx
FN:7,(anonymous_1)
FN:53,_interopRequireDefault
FN:55,_defaults
FN:57,_objectWithoutProperties
FN:59,_classCallCheck
FN:61,_possibleConstructorReturn
FN:63,_inherits
FN:77,getMode
FN:81,getPropFromArray
FN:88,getViewText
FN:96,(anonymous_11)
FN:99,DateFormField
FN:108,(anonymous_13)
FN:110,(anonymous_14)
FN:134,componentDidMount
FN:146,componentDidUpdate
FN:157,shouldResize
FN:179,componentWillUnmount
FN:187,resize
FN:205,(anonymous_20)
FN:213,saveRef
FN:215,(anonymous_22)
FN:220,handleChange
FN:233,handleCascadeChange
FN:256,addSpecificClass
FN:268,processTime
FN:289,renderField
FN:305,(anonymous_28)
FN:321,(anonymous_29)
FN:370,disabledDate
FN:384,disabledDate
FN:398,ref
FN:426,(anonymous_33)
FNF:33
FNH:31
FNDA:0,(anonymous_1)
FNDA:11,_interopRequireDefault
FNDA:0,_defaults
FNDA:32,_objectWithoutProperties
FNDA:23,_classCallCheck
FNDA:23,_possibleConstructorReturn
FNDA:1,_inherits
FNDA:33,getMode
FNDA:168,getPropFromArray
FNDA:5,getViewText
FNDA:1,(anonymous_11)
FNDA:23,DateFormField
FNDA:6,(anonymous_13)
FNDA:6,(anonymous_14)
FNDA:23,componentDidMount
FNDA:9,componentDidUpdate
FNDA:1,shouldResize
FNDA:2,componentWillUnmount
FNDA:8,resize
FNDA:5,(anonymous_20)
FNDA:194,saveRef
FNDA:268,(anonymous_22)
FNDA:1,handleChange
FNDA:1,handleCascadeChange
FNDA:32,addSpecificClass
FNDA:674,processTime
FNDA:32,renderField
FNDA:160,(anonymous_28)
FNDA:168,(anonymous_29)
FNDA:84,disabledDate
FNDA:126,disabledDate
FNDA:31,ref
FNDA:2,(anonymous_33)
DA:3,1
DA:7,1
DA:9,1
DA:11,1
DA:13,1
DA:15,1
DA:17,1
DA:19,1
DA:21,1
DA:23,1
DA:25,1
DA:27,1
DA:29,1
DA:31,1
DA:33,1
DA:35,1
DA:37,1
DA:39,1
DA:41,1
DA:43,1
DA:45,1
DA:47,1
DA:49,1
DA:51,1
DA:53,11
DA:55,1
DA:57,1115
DA:59,23
DA:61,23
DA:63,1
DA:71,1
DA:77,1
DA:78,33
DA:81,1
DA:82,168
DA:83,0
DA:85,168
DA:88,1
DA:89,5
DA:90,5
DA:91,1
DA:93,4
DA:96,1
DA:97,1
DA:99,1
DA:100,23
DA:102,23
DA:104,23
DA:107,23
DA:108,6
DA:109,6
DA:110,6
DA:112,6
DA:113,1
DA:116,5
DA:117,5
DA:118,5
DA:119,2
DA:120,3
DA:121,1
DA:122,2
DA:123,1
DA:124,1
DA:125,1
DA:131,23
DA:134,1
DA:135,23
DA:136,23
DA:140,23
DA:141,23
DA:142,2
DA:146,1
DA:147,9
DA:149,9
DA:155,9
DA:156,9
DA:157,1
DA:158,1
DA:159,0
DA:161,1
DA:162,1
DA:163,0
DA:165,1
DA:166,0
DA:168,1
DA:169,1
DA:171,0
DA:173,1
DA:174,1
DA:179,1
DA:180,2
DA:181,2
DA:182,0
DA:183,0
DA:187,1
DA:188,8
DA:190,8
DA:191,8
DA:192,0
DA:194,8
DA:195,8
DA:196,8
DA:197,8
DA:198,8
DA:199,0
DA:201,8
DA:202,8
DA:203,8
DA:205,6
DA:206,5
DA:209,8
DA:210,8
DA:213,1
DA:214,194
DA:215,194
DA:216,268
DA:220,1
DA:221,1
DA:222,1
DA:224,1
DA:225,1
DA:226,0
DA:228,1
DA:230,1
DA:233,1
DA:234,1
DA:235,1
DA:236,1
DA:238,1
DA:239,1
DA:240,0
DA:242,1
DA:244,1
DA:245,1
DA:246,1
DA:247,0
DA:249,1
DA:250,0
DA:253,1
DA:256,1
DA:257,32
DA:258,32
DA:259,32
DA:260,32
DA:261,22
DA:263,32
DA:265,0
DA:268,1
DA:271,674
DA:272,674
DA:276,674
DA:277,0
DA:279,674
DA:280,674
DA:281,674
DA:282,674
DA:283,674
DA:284,674
DA:289,1
DA:290,32
DA:292,32
DA:294,32
DA:305,32
DA:306,160
DA:309,32
DA:312,32
DA:313,32
DA:314,32
DA:315,32
DA:316,28
DA:317,28
DA:318,7
DA:324,168
DA:325,0
DA:328,168
DA:331,21
DA:332,21
DA:333,21
DA:334,21
DA:335,21
DA:342,21
DA:348,21
DA:349,8
DA:353,13
DA:357,21
DA:358,9
DA:362,12
DA:366,21
DA:371,84
DA:372,0
DA:374,84
DA:375,84
DA:378,21
DA:380,21
DA:385,126
DA:386,0
DA:388,126
DA:389,126
DA:390,126
DA:391,126
DA:394,21
DA:399,31
DA:405,4
DA:406,4
DA:407,4
DA:408,1
DA:410,4
DA:411,0
DA:413,4
DA:414,0
DA:416,4
DA:417,3
DA:423,1
DA:427,2
DA:431,0
DA:434,1
DA:437,1
DA:438,1
DA:445,1
DA:454,1
DA:455,1
LF:221
LH:200
BRDA:7,1,0,1
BRDA:7,1,1,0
BRDA:7,2,0,0
BRDA:7,2,1,0
BRDA:53,3,0,0
BRDA:53,3,1,11
BRDA:53,4,0,11
BRDA:53,4,1,11
BRDA:55,5,0,0
BRDA:55,5,1,0
BRDA:55,6,0,0
BRDA:55,6,1,0
BRDA:55,6,2,0
BRDA:57,7,0,124
BRDA:57,7,1,991
BRDA:57,8,0,0
BRDA:57,8,1,991
BRDA:59,9,0,0
BRDA:59,9,1,23
BRDA:61,10,0,0
BRDA:61,10,1,23
BRDA:61,11,0,23
BRDA:61,11,1,0
BRDA:61,12,0,23
BRDA:61,12,1,23
BRDA:61,12,2,0
BRDA:63,13,0,0
BRDA:63,13,1,1
BRDA:63,14,0,1
BRDA:63,14,1,0
BRDA:63,15,0,1
BRDA:63,15,1,1
BRDA:63,16,0,1
BRDA:63,16,1,0
BRDA:63,17,0,1
BRDA:63,17,1,0
BRDA:78,18,0,33
BRDA:78,18,1,29
BRDA:82,19,0,0
BRDA:82,19,1,168
BRDA:90,20,0,1
BRDA:90,20,1,4
BRDA:90,21,0,5
BRDA:90,21,1,4
BRDA:107,22,0,6
BRDA:107,22,1,17
BRDA:107,23,0,23
BRDA:107,23,1,6
BRDA:107,23,2,6
BRDA:109,24,0,6
BRDA:109,24,1,0
BRDA:112,25,0,1
BRDA:112,25,1,5
BRDA:118,26,0,2
BRDA:118,26,1,3
BRDA:120,27,0,1
BRDA:120,27,1,2
BRDA:122,28,0,1
BRDA:122,28,1,1
BRDA:123,29,0,1
BRDA:123,29,1,1
BRDA:124,30,0,1
BRDA:124,30,1,0
BRDA:125,31,0,1
BRDA:125,31,1,1
BRDA:141,32,0,2
BRDA:141,32,1,21
BRDA:141,33,0,23
BRDA:141,33,1,14
BRDA:141,33,2,2
BRDA:156,34,0,1
BRDA:156,34,1,8
BRDA:156,35,0,9
BRDA:156,35,1,8
BRDA:156,35,2,1
BRDA:156,35,3,1
BRDA:158,36,0,0
BRDA:158,36,1,1
BRDA:162,37,0,0
BRDA:162,37,1,1
BRDA:165,38,0,0
BRDA:165,38,1,1
BRDA:168,39,0,1
BRDA:168,39,1,0
BRDA:168,40,0,1
BRDA:168,40,1,1
BRDA:173,41,0,1
BRDA:173,41,1,0
BRDA:181,42,0,0
BRDA:181,42,1,2
BRDA:191,43,0,0
BRDA:191,43,1,8
BRDA:191,44,0,8
BRDA:191,44,1,1
BRDA:191,44,2,0
BRDA:198,45,0,0
BRDA:198,45,1,8
BRDA:201,46,0,8
BRDA:201,46,1,8
BRDA:203,47,0,6
BRDA:203,47,1,2
BRDA:225,48,0,0
BRDA:225,48,1,1
BRDA:228,49,0,1
BRDA:228,49,1,0
BRDA:235,50,0,1
BRDA:235,50,1,1
BRDA:239,51,0,0
BRDA:239,51,1,1
BRDA:242,52,0,1
BRDA:242,52,1,0
BRDA:245,53,0,1
BRDA:245,53,1,0
BRDA:246,54,0,0
BRDA:246,54,1,1
BRDA:246,55,0,1
BRDA:246,55,1,0
BRDA:246,55,2,0
BRDA:249,56,0,0
BRDA:249,56,1,1
BRDA:249,57,0,1
BRDA:249,57,1,1
BRDA:249,57,2,0
BRDA:258,58,0,32
BRDA:258,58,1,0
BRDA:260,59,0,22
BRDA:260,59,1,10
BRDA:276,60,0,0
BRDA:276,60,1,674
BRDA:276,61,0,674
BRDA:276,61,1,674
BRDA:312,62,0,0
BRDA:312,62,1,32
BRDA:313,63,0,0
BRDA:313,63,1,32
BRDA:314,64,0,32
BRDA:314,64,1,28
BRDA:315,65,0,28
BRDA:315,65,1,4
BRDA:317,66,0,7
BRDA:317,66,1,21
BRDA:321,67,0,7
BRDA:321,67,1,7
BRDA:324,68,0,0
BRDA:324,68,1,168
BRDA:328,69,0,168
BRDA:328,69,1,168
BRDA:331,70,0,21
BRDA:331,70,1,0
BRDA:348,71,0,8
BRDA:348,71,1,13
BRDA:348,72,0,21
BRDA:348,72,1,13
BRDA:357,73,0,9
BRDA:357,73,1,12
BRDA:357,74,0,21
BRDA:357,74,1,13
BRDA:371,75,0,0
BRDA:371,75,1,84
BRDA:375,76,0,84
BRDA:375,76,1,84
BRDA:385,77,0,0
BRDA:385,77,1,126
BRDA:389,78,0,84
BRDA:389,78,1,42
BRDA:391,79,0,126
BRDA:391,79,1,126
BRDA:391,79,2,126
BRDA:405,80,0,4
BRDA:405,80,1,0
BRDA:407,81,0,1
BRDA:407,81,1,3
BRDA:407,82,0,4
BRDA:407,82,1,3
BRDA:410,83,0,0
BRDA:410,83,1,4
BRDA:413,84,0,0
BRDA:413,84,1,4
BRDA:416,85,0,3
BRDA:416,85,1,1
BRDA:420,86,0,3
BRDA:420,86,1,3
BRDA:426,87,0,1
BRDA:426,87,1,0
BRDA:427,88,0,2
BRDA:427,88,1,0
BRF:186
BRH:133
end_of_record
